mode: set
github.com/wgliang/appmonitor/runtime.go:21.67,24.2 2 0
github.com/wgliang/appmonitor/runtime.go:27.67,28.29 1 0
github.com/wgliang/appmonitor/runtime.go:28.29,30.3 1 0
github.com/wgliang/appmonitor/runtime.go:34.54,41.22 6 0
github.com/wgliang/appmonitor/runtime.go:46.2,46.23 1 0
github.com/wgliang/appmonitor/runtime.go:52.2,72.59 20 0
github.com/wgliang/appmonitor/runtime.go:87.2,102.67 13 0
github.com/wgliang/appmonitor/runtime.go:41.22,43.3 1 0
github.com/wgliang/appmonitor/runtime.go:43.3,45.3 1 0
github.com/wgliang/appmonitor/runtime.go:46.23,48.3 1 0
github.com/wgliang/appmonitor/runtime.go:48.3,50.3 1 0
github.com/wgliang/appmonitor/runtime.go:72.59,73.53 1 0
github.com/wgliang/appmonitor/runtime.go:73.53,75.4 1 0
github.com/wgliang/appmonitor/runtime.go:76.3,77.13 1 0
github.com/wgliang/appmonitor/runtime.go:83.3,83.21 1 0
github.com/wgliang/appmonitor/runtime.go:77.13,78.49 1 0
github.com/wgliang/appmonitor/runtime.go:81.4,81.9 1 0
github.com/wgliang/appmonitor/runtime.go:78.49,80.5 1 0
github.com/wgliang/appmonitor/runtime.go:83.21,85.4 1 0
github.com/wgliang/appmonitor/runtime.go:106.50,168.2 60 0
github.com/wgliang/appmonitor/runtime.go:170.25,172.2 1 0
github.com/wgliang/appmonitor/runtime.go:174.56,176.2 1 0
github.com/wgliang/appmonitor/debug.go:15.64,18.2 2 1
github.com/wgliang/appmonitor/debug.go:21.64,22.29 1 1
github.com/wgliang/appmonitor/debug.go:22.29,24.3 1 1
github.com/wgliang/appmonitor/debug.go:28.51,36.56 7 1
github.com/wgliang/appmonitor/debug.go:40.2,40.67 1 1
github.com/wgliang/appmonitor/debug.go:36.56,38.3 1 0
github.com/wgliang/appmonitor/debug.go:44.47,56.2 10 1
